Configuring servant-elm-0.4.0.1...
Preprocessing library for servant-elm-0.4.0.1..
Building library for servant-elm-0.4.0.1..
[1 of 4] Compiling Servant.Elm.Internal.Foreign ( src/Servant/Elm/Internal/Foreign.hs, .stack-work/dist/x86_64-linux/Cabal-2.0.1.0/build/Servant/Elm/Internal/Foreign.o )
[2 of 4] Compiling Servant.Elm.Internal.Orphans ( src/Servant/Elm/Internal/Orphans.hs, .stack-work/dist/x86_64-linux/Cabal-2.0.1.0/build/Servant/Elm/Internal/Orphans.o )

[;1msrc/Servant/Elm/Internal/Orphans.hs:10:1: [;1m[35mwarning:[0m[0m[;1m [[;1m[35m-Worphans[0m[0m[;1m][0m[0m[;1m
    Orphan instance: instance ElmType ElmDatatype
    To avoid this
        move the instance declaration to the module of the class or of the type, or
        wrap the type with a newtype and declare the instance on the new type.[0m[0m
[;1m[34m   |[0m[0m
[;1m[34m10 |[0m[0m [;1m[35minstance ElmType ElmDatatype where[0m[0m
[;1m[34m   |[0m[0m[;1m[35m ^^^^^^^^^^^^^^^^^^^^^^^^^^^^^^^^^^...[0m[0m
[0m[0m[0m
[;1msrc/Servant/Elm/Internal/Orphans.hs:14:1: [;1m[35mwarning:[0m[0m[;1m [[;1m[35m-Worphans[0m[0m[;1m][0m[0m[;1m
    Orphan instance: instance ElmType NoContent
    To avoid this
        move the instance declaration to the module of the class or of the type, or
        wrap the type with a newtype and declare the instance on the new type.[0m[0m
[;1m[34m   |[0m[0m
[;1m[34m14 |[0m[0m [;1m[35minstance ElmType NoContent[0m[0m
[;1m[34m   |[0m[0m[;1m[35m ^^^^^^^^^^^^^^^^^^^^^^^^^^[0m[0m
[0m[0m[0m[3 of 4] Compiling Servant.Elm.Internal.Generate ( src/Servant/Elm/Internal/Generate.hs, .stack-work/dist/x86_64-linux/Cabal-2.0.1.0/build/Servant/Elm/Internal/Generate.o )
[4 of 4] Compiling Servant.Elm      ( src/Servant/Elm.hs, .stack-work/dist/x86_64-linux/Cabal-2.0.1.0/build/Servant/Elm.o )
Installing library in /home/dprester/.stack/snapshots/x86_64-linux/lts-10.0/8.2.2/lib/x86_64-linux-ghc-8.2.2/servant-elm-0.4.0.1-JTv0MVJpZK3LtEp9B7wyqI
Registering library for servant-elm-0.4.0.1..
