Configuring vault-0.3.0.7...
Preprocessing library for vault-0.3.0.7..
Building library for vault-0.3.0.7..
[1 of 5] Compiling Data.Unique.Really ( src/Data/Unique/Really.hs, .stack-work/dist/x86_64-linux/Cabal-2.0.1.0/build/Data/Unique/Really.o )

[;1msrc/Data/Unique/Really.hs:6:1: [;1m[35mwarning:[0m[0m[;1m [[;1m[35m-Wunused-imports[0m[0m[;1m][0m[0m[;1m
    The import of ‘Control.Applicative’ is redundant
      except perhaps to import instances from ‘Control.Applicative’
    To import instances alone, use: import Control.Applicative()[0m[0m
[;1m[34m  |[0m[0m
[;1m[34m6 |[0m[0m [;1m[35mimport Control.Applicative[0m[0m
[;1m[34m  |[0m[0m[;1m[35m ^^^^^^^^^^^^^^^^^^^^^^^^^^[0m[0m
[0m[0m[0m[2 of 5] Compiling Data.Vault.ST.Lazy ( src/Data/Vault/ST/Lazy.hs, .stack-work/dist/x86_64-linux/Cabal-2.0.1.0/build/Data/Vault/ST/Lazy.o )

[;1msrc/Data/Vault/ST/ST.hs:17:1: [;1m[35mwarning:[0m[0m[;1m [[;1m[35m-Wunused-imports[0m[0m[;1m][0m[0m[;1m
    The import of ‘Control.Applicative’ is redundant
      except perhaps to import instances from ‘Control.Applicative’
    To import instances alone, use: import Control.Applicative()[0m[0m
[;1m[34m   |[0m[0m
[;1m[34m17 |[0m[0m [;1m[35mimport Control.Applicative hiding (empty)[0m[0m
[;1m[34m   |[0m[0m[;1m[35m ^^^^^^^^^^^^^^^^^^^^^^^^^^^^^^^^^^^^^^^^^[0m[0m
[0m[0m[0m[3 of 5] Compiling Data.Vault.Lazy  ( src/Data/Vault/Lazy.hs, .stack-work/dist/x86_64-linux/Cabal-2.0.1.0/build/Data/Vault/Lazy.o )
[4 of 5] Compiling Data.Vault.ST.Strict ( src/Data/Vault/ST/Strict.hs, .stack-work/dist/x86_64-linux/Cabal-2.0.1.0/build/Data/Vault/ST/Strict.o )

[;1msrc/Data/Vault/ST/ST.hs:17:1: [;1m[35mwarning:[0m[0m[;1m [[;1m[35m-Wunused-imports[0m[0m[;1m][0m[0m[;1m
    The import of ‘Control.Applicative’ is redundant
      except perhaps to import instances from ‘Control.Applicative’
    To import instances alone, use: import Control.Applicative()[0m[0m
[;1m[34m   |[0m[0m
[;1m[34m17 |[0m[0m [;1m[35mimport Control.Applicative hiding (empty)[0m[0m
[;1m[34m   |[0m[0m[;1m[35m ^^^^^^^^^^^^^^^^^^^^^^^^^^^^^^^^^^^^^^^^^[0m[0m
[0m[0m[0m[5 of 5] Compiling Data.Vault.Strict ( src/Data/Vault/Strict.hs, .stack-work/dist/x86_64-linux/Cabal-2.0.1.0/build/Data/Vault/Strict.o )
Installing library in /home/dprester/.stack/snapshots/x86_64-linux/lts-10.0/8.2.2/lib/x86_64-linux-ghc-8.2.2/vault-0.3.0.7-4UaXojgpWspFEqja8Ih3CM
Registering library for vault-0.3.0.7..
